<?xml version="1.0" encoding="UTF-8"?>
<!-- Generated by org.testng.reporters.JUnitReportReporter -->
<testsuite skipped="0" hostname="DESKTOP-14I96C6" name="singletonDesignPattern.PageTest" tests="1" failures="0" timestamp="25 Jul 2018 09:44:09 GMT" time="19.965" errors="0">
  <testcase name="testMethod1" time="19.965" classname="singletonDesignPattern.PageTest"/>
</testsuite> <!-- singletonDesignPattern.PageTest -->
